Using pre-set license
Built from '2020.2/staging' branch; Version is '2020.2.7f1 (c53830e277f1) revision 12924976'; Using compiler version '192528614'; Build Type 'Release'
OS: 'Windows 10 Home; OS build 19042.867; Version 2009; 64bit' Language: 'en' Physical Memory: 16292 MB
BatchMode: 1, IsHumanControllingUs: 0, StartBugReporterOnCrash: 0, Is64bit: 1, IsPro: 0

 COMMAND LINE ARGUMENTS:
E:\2020.2.7f1\Editor\Unity.exe
-adb2
-batchMode
-noUpm
-name
AssetImportWorker0
-projectPath
C:/Users/John Foster/Documents/School Work/WSU Comp Sci/Spring 2021/CS 3170/CS3170-Project2-John-Foster
-logFile
Logs/AssetImportWorker0.log
-srvPort
60488
Successfully changed project path to: C:/Users/John Foster/Documents/School Work/WSU Comp Sci/Spring 2021/CS 3170/CS3170-Project2-John-Foster
C:/Users/John Foster/Documents/School Work/WSU Comp Sci/Spring 2021/CS 3170/CS3170-Project2-John-Foster
Using Asset Import Pipeline V2.
Refreshing native plugins compatible for Editor in 20.74 ms, found 0 plugins.
Preloading 0 native plugins for Editor in 0.00 ms.
Initialize engine version: 2020.2.7f1 (c53830e277f1)
[Subsystems] Discovering subsystems at path E:/2020.2.7f1/Editor/Data/Resources/UnitySubsystems
[Subsystems] Discovering subsystems at path C:/Users/John Foster/Documents/School Work/WSU Comp Sci/Spring 2021/CS 3170/CS3170-Project2-John-Foster/Assets
GfxDevice: creating device client; threaded=0
Direct3D:
    Version:  Direct3D 11.0 [level 11.1]
    Renderer: AMD Radeon RX 5600 XT (ID=0x731f)
    Vendor:   
    VRAM:     6104 MB
    Driver:   27.20.14527.2002
Initialize mono
Mono path[0] = 'E:/2020.2.7f1/Editor/Data/Managed'
Mono path[1] = 'E:/2020.2.7f1/Editor/Data/MonoBleedingEdge/lib/mono/unityjit'
Mono config path = 'E:/2020.2.7f1/Editor/Data/MonoBleedingEdge/etc'
Using monoOptions --debugger-agent=transport=dt_socket,embedding=1,server=y,suspend=n,address=127.0.0.1:56956
Begin MonoManager ReloadAssembly
Registering precompiled unity dll's ...
Register platform support module: E:/2020.2.7f1/Editor/Data/PlaybackEngines/WebGLSupport/UnityEditor.WebGL.Extensions.dll
Register platform support module: E:/2020.2.7f1/Editor/Data/PlaybackEngines/WindowsStandaloneSupport/UnityEditor.WindowsStandalone.Extensions.dll
Registered in 0.001285 seconds.
Native extension for WindowsStandalone target not found
Native extension for WebGL target not found
Refreshing native plugins compatible for Editor in 23.10 ms, found 0 plugins.
Preloading 0 native plugins for Editor in 0.00 ms.
Invoked RoslynAnalysisRunner static constructor.
RoslynAnalysisRunner will not be running.
RoslynAnalysisRunner has terminated.
Mono: successfully reloaded assembly
- Completed reload, in  2.091 seconds
Platform modules already initialized, skipping
Registering precompiled user dll's ...
Registered in 0.000972 seconds.
Begin MonoManager ReloadAssembly
Native extension for WindowsStandalone target not found
Native extension for WebGL target not found
Refreshing native plugins compatible for Editor in 0.25 ms, found 0 plugins.
Preloading 0 native plugins for Editor in 0.00 ms.
Invoked RoslynAnalysisRunner static constructor.
RoslynAnalysisRunner will not be running.
RoslynAnalysisRunner has terminated.
Mono: successfully reloaded assembly
- Completed reload, in  0.754 seconds
Platform modules already initialized, skipping
========================================================================
Worker process is ready to serve import requests
Launched and connected shader compiler UnityShaderCompiler.exe after 0.09 seconds
Refreshing native plugins compatible for Editor in 0.28 ms, found 0 plugins.
Preloading 0 native plugins for Editor in 0.00 ms.
Unloading 1116 Unused Serialized files (Serialized files now loaded: 0)
System memory in use before: 57.5 MB.
System memory in use after: 57.6 MB.

Unloading 10 unused Assets to reduce memory usage. Loaded Objects now: 1559.
Total: 1.822700 ms (FindLiveObjects: 0.195300 ms CreateObjectMapping: 0.036500 ms MarkObjects: 1.491000 ms  DeleteObjects: 0.098700 ms)

========================================================================
Received Import Request.
  path: Assets/scoreHandler.cs
  artifactKey: Guid(11cce390a6ba7c248be4aee830b9131d) Importer(815301076,1909f56bfc062723c751e8b465ee728b)
Start importing Assets/scoreHandler.cs using Guid(11cce390a6ba7c248be4aee830b9131d) Importer(815301076,1909f56bfc062723c751e8b465ee728b)  -> (artifact id: 'b4b0b20ad7a752bfc6fb395b5b091ae4') in 0.129315 seconds
  Import took 0.132579 seconds .

========================================================================
Received Import Request.
  Time since last request: 13.740182 seconds.
  path: Assets/scoreHandler.cs
  artifactKey: Guid(11cce390a6ba7c248be4aee830b9131d) Importer(815301076,1909f56bfc062723c751e8b465ee728b)
Start importing Assets/scoreHandler.cs using Guid(11cce390a6ba7c248be4aee830b9131d) Importer(815301076,1909f56bfc062723c751e8b465ee728b)  -> (artifact id: '08d12bdf86e8a1f1bfb48c6c5caaadbb') in 0.003973 seconds
  Import took 0.006777 seconds .

========================================================================
Received Prepare
Registering precompiled user dll's ...
Registered in 0.000611 seconds.
Begin MonoManager ReloadAssembly
Native extension for WindowsStandalone target not found
Native extension for WebGL target not found
Refreshing native plugins compatible for Editor in 0.31 ms, found 0 plugins.
Preloading 0 native plugins for Editor in 0.00 ms.
Invoked RoslynAnalysisRunner static constructor.
RoslynAnalysisRunner will not be running.
RoslynAnalysisRunner has terminated.
Mono: successfully reloaded assembly
- Completed reload, in  0.661 seconds
Platform modules already initialized, skipping
Refreshing native plugins compatible for Editor in 0.24 ms, found 0 plugins.
Preloading 0 native plugins for Editor in 0.00 ms.
Unloading 1111 Unused Serialized files (Serialized files now loaded: 0)
System memory in use before: 57.5 MB.
System memory in use after: 57.5 MB.

Unloading 5 unused Assets to reduce memory usage. Loaded Objects now: 1562.
Total: 2.157600 ms (FindLiveObjects: 0.205200 ms CreateObjectMapping: 0.033900 ms MarkObjects: 1.850500 ms  DeleteObjects: 0.066700 ms)

========================================================================
Received Prepare
Registering precompiled user dll's ...
Registered in 0.000537 seconds.
Begin MonoManager ReloadAssembly
Native extension for WindowsStandalone target not found
Native extension for WebGL target not found
Refreshing native plugins compatible for Editor in 0.27 ms, found 0 plugins.
Preloading 0 native plugins for Editor in 0.00 ms.
Invoked RoslynAnalysisRunner static constructor.
RoslynAnalysisRunner will not be running.
RoslynAnalysisRunner has terminated.
Mono: successfully reloaded assembly
- Completed reload, in  0.629 seconds
Platform modules already initialized, skipping
Refreshing native plugins compatible for Editor in 0.24 ms, found 0 plugins.
Preloading 0 native plugins for Editor in 0.00 ms.
Unloading 1111 Unused Serialized files (Serialized files now loaded: 0)
System memory in use before: 57.5 MB.
System memory in use after: 57.6 MB.

Unloading 5 unused Assets to reduce memory usage. Loaded Objects now: 1565.
Total: 1.522800 ms (FindLiveObjects: 0.155800 ms CreateObjectMapping: 0.027300 ms MarkObjects: 1.284200 ms  DeleteObjects: 0.054500 ms)

========================================================================
Received Prepare
Registering precompiled user dll's ...
Registered in 0.000574 seconds.
Begin MonoManager ReloadAssembly
Native extension for WindowsStandalone target not found
Native extension for WebGL target not found
Refreshing native plugins compatible for Editor in 0.25 ms, found 0 plugins.
Preloading 0 native plugins for Editor in 0.00 ms.
Invoked RoslynAnalysisRunner static constructor.
RoslynAnalysisRunner will not be running.
RoslynAnalysisRunner has terminated.
Mono: successfully reloaded assembly
- Completed reload, in  0.658 seconds
Platform modules already initialized, skipping
Refreshing native plugins compatible for Editor in 0.25 ms, found 0 plugins.
Preloading 0 native plugins for Editor in 0.00 ms.
Unloading 1112 Unused Serialized files (Serialized files now loaded: 0)
System memory in use before: 57.5 MB.
System memory in use after: 57.6 MB.

Unloading 5 unused Assets to reduce memory usage. Loaded Objects now: 1569.
Total: 1.608900 ms (FindLiveObjects: 0.117700 ms CreateObjectMapping: 0.027200 ms MarkObjects: 1.392400 ms  DeleteObjects: 0.070700 ms)

========================================================================
Received Import Request.
  Time since last request: 244.812882 seconds.
  path: Assets/ballReset.cs
  artifactKey: Guid(fb10a2b3405a83343b11589f67247396) Importer(815301076,1909f56bfc062723c751e8b465ee728b)
Start importing Assets/ballReset.cs using Guid(fb10a2b3405a83343b11589f67247396) Importer(815301076,1909f56bfc062723c751e8b465ee728b)  -> (artifact id: '2378948ab8746c6ec61fb4cf1e7b88c6') in 0.010048 seconds
  Import took 0.012667 seconds .

========================================================================
Received Import Request.
  Time since last request: 10.050375 seconds.
  path: Assets/ballThrow.cs
  artifactKey: Guid(193a6475f23886c4eb7e1561e3555139) Importer(815301076,1909f56bfc062723c751e8b465ee728b)
Start importing Assets/ballThrow.cs using Guid(193a6475f23886c4eb7e1561e3555139) Importer(815301076,1909f56bfc062723c751e8b465ee728b)  -> (artifact id: 'f08b4d5ca51417cd3545055c668cedea') in 0.007860 seconds
  Import took 0.010117 seconds .

========================================================================
Received Prepare
Registering precompiled user dll's ...
Registered in 0.000621 seconds.
Begin MonoManager ReloadAssembly
Native extension for WindowsStandalone target not found
Native extension for WebGL target not found
Refreshing native plugins compatible for Editor in 0.35 ms, found 0 plugins.
Preloading 0 native plugins for Editor in 0.00 ms.
Invoked RoslynAnalysisRunner static constructor.
RoslynAnalysisRunner will not be running.
RoslynAnalysisRunner has terminated.
Mono: successfully reloaded assembly
- Completed reload, in  0.688 seconds
Platform modules already initialized, skipping
Refreshing native plugins compatible for Editor in 0.26 ms, found 0 plugins.
Preloading 0 native plugins for Editor in 0.00 ms.
Unloading 1112 Unused Serialized files (Serialized files now loaded: 0)
System memory in use before: 57.5 MB.
System memory in use after: 57.6 MB.

Unloading 5 unused Assets to reduce memory usage. Loaded Objects now: 1572.
Total: 2.029100 ms (FindLiveObjects: 0.184600 ms CreateObjectMapping: 0.027700 ms MarkObjects: 1.727900 ms  DeleteObjects: 0.087600 ms)

========================================================================
Received Prepare
Registering precompiled user dll's ...
Registered in 0.000546 seconds.
Begin MonoManager ReloadAssembly
Native extension for WindowsStandalone target not found
Native extension for WebGL target not found
Refreshing native plugins compatible for Editor in 0.25 ms, found 0 plugins.
Preloading 0 native plugins for Editor in 0.00 ms.
Invoked RoslynAnalysisRunner static constructor.
RoslynAnalysisRunner will not be running.
RoslynAnalysisRunner has terminated.
Mono: successfully reloaded assembly
- Completed reload, in  0.664 seconds
Platform modules already initialized, skipping
Refreshing native plugins compatible for Editor in 0.24 ms, found 0 plugins.
Preloading 0 native plugins for Editor in 0.00 ms.
Unloading 1112 Unused Serialized files (Serialized files now loaded: 0)
System memory in use before: 57.5 MB.
System memory in use after: 57.6 MB.

Unloading 5 unused Assets to reduce memory usage. Loaded Objects now: 1575.
Total: 1.876200 ms (FindLiveObjects: 0.163700 ms CreateObjectMapping: 0.033300 ms MarkObjects: 1.620500 ms  DeleteObjects: 0.057500 ms)

========================================================================
Received Prepare
Registering precompiled user dll's ...
Registered in 0.000589 seconds.
Begin MonoManager ReloadAssembly
Native extension for WindowsStandalone target not found
Native extension for WebGL target not found
Refreshing native plugins compatible for Editor in 0.26 ms, found 0 plugins.
Preloading 0 native plugins for Editor in 0.00 ms.
Invoked RoslynAnalysisRunner static constructor.
RoslynAnalysisRunner will not be running.
RoslynAnalysisRunner has terminated.
Mono: successfully reloaded assembly
- Completed reload, in  0.667 seconds
Platform modules already initialized, skipping
Refreshing native plugins compatible for Editor in 0.23 ms, found 0 plugins.
Preloading 0 native plugins for Editor in 0.00 ms.
Unloading 1112 Unused Serialized files (Serialized files now loaded: 0)
System memory in use before: 57.5 MB.
System memory in use after: 57.6 MB.

Unloading 5 unused Assets to reduce memory usage. Loaded Objects now: 1578.
Total: 1.659200 ms (FindLiveObjects: 0.169200 ms CreateObjectMapping: 0.024700 ms MarkObjects: 1.406100 ms  DeleteObjects: 0.058400 ms)

========================================================================
Received Prepare
Registering precompiled user dll's ...
Registered in 0.000651 seconds.
Begin MonoManager ReloadAssembly
Native extension for WindowsStandalone target not found
Native extension for WebGL target not found
Refreshing native plugins compatible for Editor in 0.25 ms, found 0 plugins.
Preloading 0 native plugins for Editor in 0.00 ms.
Invoked RoslynAnalysisRunner static constructor.
RoslynAnalysisRunner will not be running.
RoslynAnalysisRunner has terminated.
Mono: successfully reloaded assembly
- Completed reload, in  0.657 seconds
Platform modules already initialized, skipping
Refreshing native plugins compatible for Editor in 0.27 ms, found 0 plugins.
Preloading 0 native plugins for Editor in 0.00 ms.
Unloading 1112 Unused Serialized files (Serialized files now loaded: 0)
System memory in use before: 57.6 MB.
System memory in use after: 57.6 MB.

Unloading 5 unused Assets to reduce memory usage. Loaded Objects now: 1581.
Total: 1.582000 ms (FindLiveObjects: 0.164800 ms CreateObjectMapping: 0.027600 ms MarkObjects: 1.336600 ms  DeleteObjects: 0.052100 ms)

========================================================================
Received Prepare
Registering precompiled user dll's ...
Registered in 0.000622 seconds.
Begin MonoManager ReloadAssembly
Native extension for WindowsStandalone target not found
Native extension for WebGL target not found
Refreshing native plugins compatible for Editor in 0.24 ms, found 0 plugins.
Preloading 0 native plugins for Editor in 0.00 ms.
Invoked RoslynAnalysisRunner static constructor.
RoslynAnalysisRunner will not be running.
RoslynAnalysisRunner has terminated.
Mono: successfully reloaded assembly
- Completed reload, in  0.677 seconds
Platform modules already initialized, skipping
Refreshing native plugins compatible for Editor in 0.24 ms, found 0 plugins.
Preloading 0 native plugins for Editor in 0.00 ms.
Unloading 1112 Unused Serialized files (Serialized files now loaded: 0)
System memory in use before: 57.6 MB.
System memory in use after: 57.6 MB.

Unloading 5 unused Assets to reduce memory usage. Loaded Objects now: 1584.
Total: 1.868500 ms (FindLiveObjects: 0.153800 ms CreateObjectMapping: 0.025600 ms MarkObjects: 1.627700 ms  DeleteObjects: 0.060300 ms)

========================================================================
Received Import Request.
  Time since last request: 1964.766353 seconds.
  path: ProjectSettings/TagManager.asset
  artifactKey: Guid(00000000000000003000000000000000) Importer(815301076,1909f56bfc062723c751e8b465ee728b)
Start importing ProjectSettings/TagManager.asset using Guid(00000000000000003000000000000000) Importer(815301076,1909f56bfc062723c751e8b465ee728b)  -> (artifact id: 'bdf86bcf195aeb5c9a8762dc40ae9ba5') in 0.020180 seconds
  Import took 0.022434 seconds .

========================================================================
Received Import Request.
  Time since last request: 0.016758 seconds.
  path: ProjectSettings/TagManager.asset
  artifactKey: Guid(00000000000000003000000000000000) Importer(815301076,1909f56bfc062723c751e8b465ee728b)
Start importing ProjectSettings/TagManager.asset using Guid(00000000000000003000000000000000) Importer(815301076,1909f56bfc062723c751e8b465ee728b)  -> (artifact id: 'bdf86bcf195aeb5c9a8762dc40ae9ba5') in 0.003832 seconds
  Import took 0.005718 seconds .

========================================================================
Received Prepare
Registering precompiled user dll's ...
Registered in 0.000476 seconds.
Begin MonoManager ReloadAssembly
Native extension for WindowsStandalone target not found
Native extension for WebGL target not found
Refreshing native plugins compatible for Editor in 0.27 ms, found 0 plugins.
Preloading 0 native plugins for Editor in 0.00 ms.
Invoked RoslynAnalysisRunner static constructor.
RoslynAnalysisRunner will not be running.
RoslynAnalysisRunner has terminated.
Mono: successfully reloaded assembly
- Completed reload, in  0.681 seconds
Platform modules already initialized, skipping
Refreshing native plugins compatible for Editor in 0.24 ms, found 0 plugins.
Preloading 0 native plugins for Editor in 0.00 ms.
Unloading 1112 Unused Serialized files (Serialized files now loaded: 0)
System memory in use before: 57.6 MB.
System memory in use after: 57.7 MB.

Unloading 7 unused Assets to reduce memory usage. Loaded Objects now: 1587.
Total: 1.689800 ms (FindLiveObjects: 0.224400 ms CreateObjectMapping: 0.036700 ms MarkObjects: 1.371400 ms  DeleteObjects: 0.056400 ms)

========================================================================
Received Prepare
Registering precompiled user dll's ...
Registered in 0.000756 seconds.
Begin MonoManager ReloadAssembly
Native extension for WindowsStandalone target not found
Native extension for WebGL target not found
Refreshing native plugins compatible for Editor in 0.26 ms, found 0 plugins.
Preloading 0 native plugins for Editor in 0.00 ms.
Invoked RoslynAnalysisRunner static constructor.
RoslynAnalysisRunner will not be running.
RoslynAnalysisRunner has terminated.
Mono: successfully reloaded assembly
- Completed reload, in  0.757 seconds
Platform modules already initialized, skipping
Refreshing native plugins compatible for Editor in 0.42 ms, found 0 plugins.
Preloading 0 native plugins for Editor in 0.00 ms.
Unloading 1112 Unused Serialized files (Serialized files now loaded: 0)
System memory in use before: 57.6 MB.
System memory in use after: 57.7 MB.

Unloading 5 unused Assets to reduce memory usage. Loaded Objects now: 1590.
Total: 2.638100 ms (FindLiveObjects: 0.325100 ms CreateObjectMapping: 0.044200 ms MarkObjects: 2.193500 ms  DeleteObjects: 0.074100 ms)

========================================================================
Received Prepare
Registering precompiled user dll's ...
Registered in 0.001054 seconds.
Begin MonoManager ReloadAssembly
Native extension for WindowsStandalone target not found
Native extension for WebGL target not found
Refreshing native plugins compatible for Editor in 0.26 ms, found 0 plugins.
Preloading 0 native plugins for Editor in 0.00 ms.
Invoked RoslynAnalysisRunner static constructor.
RoslynAnalysisRunner will not be running.
RoslynAnalysisRunner has terminated.
Mono: successfully reloaded assembly
- Completed reload, in  0.739 seconds
Platform modules already initialized, skipping
Refreshing native plugins compatible for Editor in 0.26 ms, found 0 plugins.
Preloading 0 native plugins for Editor in 0.00 ms.
Unloading 1112 Unused Serialized files (Serialized files now loaded: 0)
System memory in use before: 57.6 MB.
System memory in use after: 57.7 MB.

Unloading 5 unused Assets to reduce memory usage. Loaded Objects now: 1593.
Total: 1.828200 ms (FindLiveObjects: 0.286800 ms CreateObjectMapping: 0.038100 ms MarkObjects: 1.446500 ms  DeleteObjects: 0.055600 ms)

========================================================================
Received Prepare
Registering precompiled user dll's ...
Registered in 0.000494 seconds.
Begin MonoManager ReloadAssembly
Native extension for WindowsStandalone target not found
Native extension for WebGL target not found
Refreshing native plugins compatible for Editor in 0.24 ms, found 0 plugins.
Preloading 0 native plugins for Editor in 0.00 ms.
Invoked RoslynAnalysisRunner static constructor.
RoslynAnalysisRunner will not be running.
RoslynAnalysisRunner has terminated.
Mono: successfully reloaded assembly
- Completed reload, in  0.624 seconds
Platform modules already initialized, skipping
Refreshing native plugins compatible for Editor in 0.25 ms, found 0 plugins.
Preloading 0 native plugins for Editor in 0.00 ms.
Unloading 1112 Unused Serialized files (Serialized files now loaded: 0)
System memory in use before: 57.6 MB.
System memory in use after: 57.7 MB.

Unloading 5 unused Assets to reduce memory usage. Loaded Objects now: 1596.
Total: 1.578200 ms (FindLiveObjects: 0.169700 ms CreateObjectMapping: 0.027900 ms MarkObjects: 1.320500 ms  DeleteObjects: 0.058700 ms)

========================================================================
Received Import Request.
  Time since last request: 397.893085 seconds.
  path: Assets/ballReset.cs
  artifactKey: Guid(fb10a2b3405a83343b11589f67247396) Importer(815301076,1909f56bfc062723c751e8b465ee728b)
Start importing Assets/ballReset.cs using Guid(fb10a2b3405a83343b11589f67247396) Importer(815301076,1909f56bfc062723c751e8b465ee728b)  -> (artifact id: '8b4c46698cf46532fedc5164b0001d5f') in 0.007370 seconds
  Import took 0.009770 seconds .

========================================================================
Received Prepare
Registering precompiled user dll's ...
Registered in 0.000562 seconds.
Begin MonoManager ReloadAssembly
Native extension for WindowsStandalone target not found
Native extension for WebGL target not found
Refreshing native plugins compatible for Editor in 0.25 ms, found 0 plugins.
Preloading 0 native plugins for Editor in 0.00 ms.
Invoked RoslynAnalysisRunner static constructor.
RoslynAnalysisRunner will not be running.
RoslynAnalysisRunner has terminated.
Mono: successfully reloaded assembly
- Completed reload, in  0.657 seconds
Platform modules already initialized, skipping
Refreshing native plugins compatible for Editor in 0.26 ms, found 0 plugins.
Preloading 0 native plugins for Editor in 0.00 ms.
Unloading 1111 Unused Serialized files (Serialized files now loaded: 0)
System memory in use before: 57.6 MB.
System memory in use after: 57.6 MB.

Unloading 6 unused Assets to reduce memory usage. Loaded Objects now: 1598.
Total: 1.620800 ms (FindLiveObjects: 0.171700 ms CreateObjectMapping: 0.026600 ms MarkObjects: 1.358900 ms  DeleteObjects: 0.062700 ms)

========================================================================
Received Prepare
Registering precompiled user dll's ...
Registered in 0.000786 seconds.
Begin MonoManager ReloadAssembly
Native extension for WindowsStandalone target not found
Native extension for WebGL target not found
Refreshing native plugins compatible for Editor in 0.24 ms, found 0 plugins.
Preloading 0 native plugins for Editor in 0.00 ms.
Invoked RoslynAnalysisRunner static constructor.
RoslynAnalysisRunner will not be running.
RoslynAnalysisRunner has terminated.
Mono: successfully reloaded assembly
- Completed reload, in  0.642 seconds
Platform modules already initialized, skipping
Refreshing native plugins compatible for Editor in 0.24 ms, found 0 plugins.
Preloading 0 native plugins for Editor in 0.00 ms.
Unloading 1111 Unused Serialized files (Serialized files now loaded: 0)
System memory in use before: 57.6 MB.
System memory in use after: 57.7 MB.

Unloading 5 unused Assets to reduce memory usage. Loaded Objects now: 1601.
Total: 1.594300 ms (FindLiveObjects: 0.190200 ms CreateObjectMapping: 0.027500 ms MarkObjects: 1.322000 ms  DeleteObjects: 0.052500 ms)

========================================================================
Received Prepare
Registering precompiled user dll's ...
Registered in 0.000570 seconds.
Begin MonoManager ReloadAssembly
Native extension for WindowsStandalone target not found
Native extension for WebGL target not found
Refreshing native plugins compatible for Editor in 0.37 ms, found 0 plugins.
Preloading 0 native plugins for Editor in 0.00 ms.
Invoked RoslynAnalysisRunner static constructor.
RoslynAnalysisRunner will not be running.
RoslynAnalysisRunner has terminated.
Mono: successfully reloaded assembly
- Completed reload, in  0.702 seconds
Platform modules already initialized, skipping
Switching build target platform(5) subTarget(0) extendedPlatform(0) -> platform(13) subTarget(537395200) extendedPlatform(0)
Refreshing native plugins compatible for Editor in 0.32 ms, found 0 plugins.
Preloading 0 native plugins for Editor in 0.00 ms.
Unloading 1115 Unused Serialized files (Serialized files now loaded: 0)
System memory in use before: 57.5 MB.
System memory in use after: 57.5 MB.

Unloading 5 unused Assets to reduce memory usage. Loaded Objects now: 1604.
Total: 1.731700 ms (FindLiveObjects: 0.206900 ms CreateObjectMapping: 0.033800 ms MarkObjects: 1.425000 ms  DeleteObjects: 0.064700 ms)

AssetImportParameters requested are different than current active one (requested -> active):
  custom:graphics/normal-map-encoding: 01000000000000000000000000000000 -> 02000000000000000000000000000000
========================================================================
Received Prepare
Refreshing native plugins compatible for Editor in 0.75 ms, found 0 plugins.
Preloading 0 native plugins for Editor in 0.00 ms.
Unloading 3 Unused Serialized files (Serialized files now loaded: 0)
System memory in use before: 35.0 MB.
System memory in use after: 35.1 MB.

Unloading 3 unused Assets to reduce memory usage. Loaded Objects now: 1604.
Total: 1.579800 ms (FindLiveObjects: 0.193900 ms CreateObjectMapping: 0.030300 ms MarkObjects: 1.299500 ms  DeleteObjects: 0.055000 ms)

========================================================================
Received Prepare
Refreshing native plugins compatible for Editor in 0.67 ms, found 0 plugins.
Preloading 0 native plugins for Editor in 0.00 ms.
Unloading 3 Unused Serialized files (Serialized files now loaded: 0)
System memory in use before: 35.1 MB.
System memory in use after: 35.2 MB.

Unloading 3 unused Assets to reduce memory usage. Loaded Objects now: 1604.
Total: 1.782500 ms (FindLiveObjects: 0.250800 ms CreateObjectMapping: 0.038000 ms MarkObjects: 1.426900 ms  DeleteObjects: 0.065600 ms)

========================================================================
Received Prepare
Refreshing native plugins compatible for Editor in 0.84 ms, found 0 plugins.
Preloading 0 native plugins for Editor in 0.00 ms.
Unloading 3 Unused Serialized files (Serialized files now loaded: 0)
System memory in use before: 35.1 MB.
System memory in use after: 35.2 MB.

Unloading 3 unused Assets to reduce memory usage. Loaded Objects now: 1604.
Total: 156.526000 ms (FindLiveObjects: 0.506200 ms CreateObjectMapping: 0.030000 ms MarkObjects: 155.901300 ms  DeleteObjects: 0.086300 ms)

